<?xml version="1.0" encoding="UTF-8"?>
<coverage generated="1536891334831" clover="3.2.0">
  <project timestamp="1536891334832" name="All files">
    <metrics statements="99" coveredstatements="87" conditionals="41" coveredconditionals="35" methods="21" coveredmethods="20" elements="161" coveredelements="142" complexity="0" loc="99" ncloc="99" packages="6" files="7" classes="7">
      <package name="api">
        <metrics statements="14" coveredstatements="3" conditionals="0" coveredconditionals="0" methods="3" coveredmethods="2"/>
        <file name="commonMessages.js" path="/Users/stephaniesutanto/Documents/Repos/Public/starter-node-rest-api-auth-mongo/src/api/commonMessages.js">
          <metrics statements="3" coveredstatements="3" conditionals="0" coveredconditionals="0" methods="2" coveredmethods="2"/>
          <line num="1" count="2" type="stmt"/>
          <line num="6" count="4" type="stmt"/>
          <line num="7" count="1" type="stmt"/>
        </file>
        <file name="index.js" path="/Users/stephaniesutanto/Documents/Repos/Public/starter-node-rest-api-auth-mongo/src/api/index.js">
          <metrics statements="11" coveredstatements="0" conditionals="0" coveredconditionals="0" methods="1" coveredmethods="0"/>
          <line num="1" count="0" type="stmt"/>
          <line num="3" count="0" type="stmt"/>
          <line num="5" count="0" type="stmt"/>
          <line num="6" count="0" type="stmt"/>
          <line num="13" count="0" type="stmt"/>
          <line num="14" count="0" type="stmt"/>
          <line num="17" count="0" type="stmt"/>
          <line num="18" count="0" type="stmt"/>
          <line num="19" count="0" type="stmt"/>
          <line num="20" count="0" type="stmt"/>
          <line num="22" count="0" type="stmt"/>
        </file>
      </package>
      <package name="api.auth">
        <metrics statements="56" coveredstatements="56" conditionals="31" coveredconditionals="27" methods="12" coveredmethods="12"/>
        <file name="authQueries.js" path="/Users/stephaniesutanto/Documents/Repos/Public/starter-node-rest-api-auth-mongo/src/api/auth/authQueries.js">
          <metrics statements="56" coveredstatements="56" conditionals="31" coveredconditionals="27" methods="12" coveredmethods="12"/>
          <line num="1" count="1" type="stmt"/>
          <line num="3" count="1" type="stmt"/>
          <line num="4" count="1" type="stmt"/>
          <line num="5" count="1" type="stmt"/>
          <line num="7" count="1" type="stmt"/>
          <line num="8" count="1" type="stmt"/>
          <line num="11" count="16" type="cond" truecount="1" falsecount="1"/>
          <line num="12" count="14" type="cond" truecount="1" falsecount="1"/>
          <line num="13" count="14" type="cond" truecount="2" falsecount="0"/>
          <line num="17" count="10" type="stmt"/>
          <line num="21" count="2" type="cond" truecount="3" falsecount="0"/>
          <line num="25" count="6" type="stmt"/>
          <line num="26" count="6" type="stmt"/>
          <line num="27" count="4" type="cond" truecount="2" falsecount="0"/>
          <line num="28" count="1" type="stmt"/>
          <line num="33" count="3" type="stmt"/>
          <line num="36" count="2" type="cond" truecount="2" falsecount="0"/>
          <line num="37" count="1" type="stmt"/>
          <line num="42" count="1" type="stmt"/>
          <line num="52" count="1" type="cond" truecount="1" falsecount="1"/>
          <line num="53" count="1" type="stmt"/>
          <line num="61" count="2" type="stmt"/>
          <line num="69" count="9" type="stmt"/>
          <line num="70" count="9" type="cond" truecount="2" falsecount="0"/>
          <line num="71" count="2" type="stmt"/>
          <line num="75" count="6" type="cond" truecount="2" falsecount="0"/>
          <line num="76" count="1" type="stmt"/>
          <line num="81" count="5" type="stmt"/>
          <line num="82" count="5" type="stmt"/>
          <line num="85" count="4" type="cond" truecount="2" falsecount="0"/>
          <line num="86" count="1" type="stmt"/>
          <line num="91" count="3" type="stmt"/>
          <line num="92" count="3" type="cond" truecount="2" falsecount="0"/>
          <line num="93" count="2" type="stmt"/>
          <line num="94" count="1" type="stmt"/>
          <line num="102" count="1" type="stmt"/>
          <line num="110" count="2" type="cond" truecount="1" falsecount="1"/>
          <line num="111" count="2" type="stmt"/>
          <line num="119" count="1" type="stmt"/>
          <line num="127" count="7" type="stmt"/>
          <line num="128" count="7" type="cond" truecount="2" falsecount="0"/>
          <line num="129" count="2" type="stmt"/>
          <line num="133" count="4" type="cond" truecount="2" falsecount="0"/>
          <line num="134" count="1" type="stmt"/>
          <line num="139" count="3" type="stmt"/>
          <line num="140" count="3" type="stmt"/>
          <line num="141" count="3" type="stmt"/>
          <line num="145" count="3" type="stmt"/>
          <line num="148" count="2" type="stmt"/>
          <line num="149" count="1" type="stmt"/>
          <line num="153" count="1" type="stmt"/>
          <line num="159" count="2" type="cond" truecount="2" falsecount="0"/>
          <line num="160" count="1" type="stmt"/>
          <line num="165" count="1" type="stmt"/>
          <line num="173" count="1" type="stmt"/>
          <line num="181" count="1" type="stmt"/>
        </file>
      </package>
      <package name="api.user">
        <metrics statements="14" coveredstatements="14" conditionals="4" coveredconditionals="4" methods="3" coveredmethods="3"/>
        <file name="userQueries.js" path="/Users/stephaniesutanto/Documents/Repos/Public/starter-node-rest-api-auth-mongo/src/api/user/userQueries.js">
          <metrics statements="14" coveredstatements="14" conditionals="4" coveredconditionals="4" methods="3" coveredmethods="3"/>
          <line num="1" count="1" type="stmt"/>
          <line num="2" count="1" type="stmt"/>
          <line num="3" count="1" type="stmt"/>
          <line num="6" count="6" type="stmt"/>
          <line num="7" count="6" type="stmt"/>
          <line num="8" count="4" type="cond" truecount="2" falsecount="0"/>
          <line num="9" count="1" type="stmt"/>
          <line num="14" count="3" type="stmt"/>
          <line num="17" count="2" type="cond" truecount="2" falsecount="0"/>
          <line num="18" count="1" type="stmt"/>
          <line num="23" count="1" type="stmt"/>
          <line num="30" count="1" type="stmt"/>
          <line num="37" count="2" type="stmt"/>
          <line num="46" count="1" type="stmt"/>
        </file>
      </package>
      <package name="config">
        <metrics statements="1" coveredstatements="0" conditionals="2" coveredconditionals="0" methods="0" coveredmethods="0"/>
        <file name="db.js" path="/Users/stephaniesutanto/Documents/Repos/Public/starter-node-rest-api-auth-mongo/src/config/db.js">
          <metrics statements="1" coveredstatements="0" conditionals="2" coveredconditionals="0" methods="0" coveredmethods="0"/>
          <line num="1" count="0" type="stmt"/>
        </file>
      </package>
      <package name="data">
        <metrics statements="4" coveredstatements="4" conditionals="0" coveredconditionals="0" methods="0" coveredmethods="0"/>
        <file name="User.js" path="/Users/stephaniesutanto/Documents/Repos/Public/starter-node-rest-api-auth-mongo/src/data/User.js">
          <metrics statements="4" coveredstatements="4" conditionals="0" coveredconditionals="0" methods="0" coveredmethods="0"/>
          <line num="1" count="3" type="stmt"/>
          <line num="3" count="3" type="stmt"/>
          <line num="5" count="3" type="stmt"/>
          <line num="22" count="3" type="stmt"/>
        </file>
      </package>
      <package name="services">
        <metrics statements="10" coveredstatements="10" conditionals="4" coveredconditionals="4" methods="3" coveredmethods="3"/>
        <file name="tokenService.js" path="/Users/stephaniesutanto/Documents/Repos/Public/starter-node-rest-api-auth-mongo/src/services/tokenService.js">
          <metrics statements="10" coveredstatements="10" conditionals="4" coveredconditionals="4" methods="3" coveredmethods="3"/>
          <line num="1" count="3" type="stmt"/>
          <line num="5" count="6" type="stmt"/>
          <line num="6" count="4" type="cond" truecount="2" falsecount="0"/>
          <line num="7" count="1" type="stmt"/>
          <line num="9" count="3" type="stmt"/>
          <line num="10" count="3" type="cond" truecount="2" falsecount="0"/>
          <line num="11" count="2" type="stmt"/>
          <line num="15" count="1" type="stmt"/>
          <line num="20" count="1" type="stmt"/>
          <line num="26" count="3" type="stmt"/>
        </file>
      </package>
    </metrics>
  </project>
</coverage>
