{"/Users/stephaniesutanto/Documents/Repos/Public/starter-node-rest-api-auth-mongo/src/api/commonMessages.js": {"path":"/Users/stephaniesutanto/Documents/Repos/Public/starter-node-rest-api-auth-mongo/src/api/commonMessages.js","statementMap":{"0":{"start":{"line":1,"column":0},"end":{"line":14,"column":2}},"1":{"start":{"line":6,"column":28},"end":{"line":6,"column":62}},"2":{"start":{"line":7,"column":29},"end":{"line":7,"column":64}}},"fnMap":{"0":{"name":"(anonymous_0)","decl":{"start":{"line":6,"column":21},"end":{"line":6,"column":22}},"loc":{"start":{"line":6,"column":28},"end":{"line":6,"column":62}},"line":6},"1":{"name":"(anonymous_1)","decl":{"start":{"line":7,"column":22},"end":{"line":7,"column":23}},"loc":{"start":{"line":7,"column":29},"end":{"line":7,"column":64}},"line":7}},"branchMap":{},"s":{"0":2,"1":4,"2":1},"f":{"0":4,"1":1},"b":{},"_coverageSchema":"332fd63041d2c1bcb487cc26dd0d5f7d97098a6c","hash":"fe2bdeec439fdc15b4465132e56d812abddce79f"}
,"/Users/stephaniesutanto/Documents/Repos/Public/starter-node-rest-api-auth-mongo/src/api/index.js": {"path":"/Users/stephaniesutanto/Documents/Repos/Public/starter-node-rest-api-auth-mongo/src/api/index.js","statementMap":{"0":{"start":{"line":1,"column":16},"end":{"line":1,"column":0}},"1":{"start":{"line":3,"column":15},"end":{"line":3,"column":0}},"2":{"start":{"line":5,"column":0},"end":{"line":null,"column":-1}},"3":{"start":{"line":6,"column":2},"end":{"line":null,"column":-1}},"4":{"start":{"line":13,"column":20},"end":{"line":13,"column":0}},"5":{"start":{"line":14,"column":20},"end":{"line":14,"column":0}},"6":{"start":{"line":17,"column":0},"end":{"line":null,"column":-1}},"7":{"start":{"line":18,"column":0},"end":{"line":null,"column":-1}},"8":{"start":{"line":19,"column":0},"end":{"line":null,"column":-1}},"9":{"start":{"line":20,"column":0},"end":{"line":null,"column":-1}},"10":{"start":{"line":22,"column":0},"end":{"line":null,"column":-1}}},"fnMap":{"0":{"name":"(anonymous_0)","decl":{"start":{"line":5,"column":16},"end":{"line":5,"column":17}},"loc":{"start":{"line":5,"column":30},"end":{"line":5,"column":0}}}},"branchMap":{},"s":{"0":0,"1":0,"2":0,"3":0,"4":0,"5":0,"6":0,"7":0,"8":0,"9":0,"10":0},"f":{"0":0},"b":{}}
,"/Users/stephaniesutanto/Documents/Repos/Public/starter-node-rest-api-auth-mongo/src/api/auth/authQueries.js": {"path":"/Users/stephaniesutanto/Documents/Repos/Public/starter-node-rest-api-auth-mongo/src/api/auth/authQueries.js","statementMap":{"0":{"start":{"line":1,"column":15},"end":{"line":1,"column":34}},"1":{"start":{"line":3,"column":13},"end":{"line":3,"column":39}},"2":{"start":{"line":4,"column":21},"end":{"line":4,"column":59}},"3":{"start":{"line":5,"column":17},"end":{"line":5,"column":45}},"4":{"start":{"line":7,"column":16},"end":{"line":7,"column":21}},"5":{"start":{"line":8,"column":22},"end":{"line":8,"column":32}},"6":{"start":{"line":11,"column":19},"end":{"line":11,"column":62}},"7":{"start":{"line":12,"column":19},"end":{"line":12,"column":62}},"8":{"start":{"line":13,"column":2},"end":{"line":13,"column":46}},"9":{"start":{"line":17,"column":2},"end":{"line":17,"column":39}},"10":{"start":{"line":21,"column":2},"end":{"line":21,"column":80}},"11":{"start":{"line":25,"column":2},"end":{"line":65,"column":3}},"12":{"start":{"line":26,"column":19},"end":{"line":26,"column":53}},"13":{"start":{"line":27,"column":4},"end":{"line":59,"column":5}},"14":{"start":{"line":28,"column":6},"end":{"line":31,"column":9}},"15":{"start":{"line":33,"column":6},"end":{"line":58,"column":11}},"16":{"start":{"line":36,"column":10},"end":{"line":49,"column":11}},"17":{"start":{"line":37,"column":12},"end":{"line":40,"column":15}},"18":{"start":{"line":42,"column":12},"end":{"line":48,"column":15}},"19":{"start":{"line":52,"column":10},"end":{"line":57,"column":11}},"20":{"start":{"line":53,"column":12},"end":{"line":56,"column":15}},"21":{"start":{"line":61,"column":4},"end":{"line":64,"column":7}},"22":{"start":{"line":69,"column":2},"end":{"line":123,"column":3}},"23":{"start":{"line":70,"column":4},"end":{"line":117,"column":5}},"24":{"start":{"line":71,"column":6},"end":{"line":74,"column":9}},"25":{"start":{"line":75,"column":11},"end":{"line":117,"column":5}},"26":{"start":{"line":76,"column":6},"end":{"line":79,"column":9}},"27":{"start":{"line":81,"column":37},"end":{"line":81,"column":45}},"28":{"start":{"line":82,"column":6},"end":{"line":116,"column":11}},"29":{"start":{"line":85,"column":10},"end":{"line":107,"column":11}},"30":{"start":{"line":86,"column":12},"end":{"line":89,"column":15}},"31":{"start":{"line":91,"column":36},"end":{"line":91,"column":79}},"32":{"start":{"line":92,"column":12},"end":{"line":106,"column":13}},"33":{"start":{"line":93,"column":28},"end":{"line":93,"column":73}},"34":{"start":{"line":94,"column":14},"end":{"line":100,"column":17}},"35":{"start":{"line":102,"column":14},"end":{"line":105,"column":17}},"36":{"start":{"line":110,"column":10},"end":{"line":115,"column":11}},"37":{"start":{"line":111,"column":12},"end":{"line":114,"column":15}},"38":{"start":{"line":119,"column":4},"end":{"line":122,"column":7}},"39":{"start":{"line":127,"column":2},"end":{"line":177,"column":3}},"40":{"start":{"line":128,"column":4},"end":{"line":171,"column":5}},"41":{"start":{"line":129,"column":6},"end":{"line":132,"column":9}},"42":{"start":{"line":133,"column":11},"end":{"line":171,"column":5}},"43":{"start":{"line":134,"column":6},"end":{"line":137,"column":9}},"44":{"start":{"line":139,"column":37},"end":{"line":139,"column":45}},"45":{"start":{"line":140,"column":29},"end":{"line":140,"column":57}},"46":{"start":{"line":141,"column":22},"end":{"line":144,"column":8}},"47":{"start":{"line":145,"column":6},"end":{"line":170,"column":11}},"48":{"start":{"line":148,"column":24},"end":{"line":148,"column":69}},"49":{"start":{"line":149,"column":25},"end":{"line":152,"column":11}},"50":{"start":{"line":153,"column":10},"end":{"line":156,"column":13}},"51":{"start":{"line":159,"column":10},"end":{"line":169,"column":11}},"52":{"start":{"line":160,"column":12},"end":{"line":163,"column":15}},"53":{"start":{"line":165,"column":12},"end":{"line":168,"column":15}},"54":{"start":{"line":173,"column":4},"end":{"line":176,"column":7}},"55":{"start":{"line":181,"column":0},"end":{"line":185,"column":2}}},"fnMap":{"0":{"name":"isRequiredFieldsExists","decl":{"start":{"line":10,"column":9},"end":{"line":10,"column":31}},"loc":{"start":{"line":10,"column":37},"end":{"line":14,"column":1}},"line":10},"1":{"name":"isPasswordLengthValid","decl":{"start":{"line":16,"column":9},"end":{"line":16,"column":30}},"loc":{"start":{"line":16,"column":36},"end":{"line":18,"column":1}},"line":16},"2":{"name":"isDuplicateMongoError","decl":{"start":{"line":20,"column":9},"end":{"line":20,"column":30}},"loc":{"start":{"line":20,"column":36},"end":{"line":22,"column":1}},"line":20},"3":{"name":"verifyToken","decl":{"start":{"line":24,"column":15},"end":{"line":24,"column":26}},"loc":{"start":{"line":24,"column":37},"end":{"line":66,"column":1}},"line":24},"4":{"name":"(anonymous_4)","decl":{"start":{"line":35,"column":14},"end":{"line":35,"column":15}},"loc":{"start":{"line":35,"column":24},"end":{"line":50,"column":9}},"line":35},"5":{"name":"(anonymous_5)","decl":{"start":{"line":51,"column":15},"end":{"line":51,"column":16}},"loc":{"start":{"line":51,"column":28},"end":{"line":58,"column":9}},"line":51},"6":{"name":"loginUser","decl":{"start":{"line":68,"column":15},"end":{"line":68,"column":24}},"loc":{"start":{"line":68,"column":35},"end":{"line":124,"column":1}},"line":68},"7":{"name":"(anonymous_7)","decl":{"start":{"line":84,"column":14},"end":{"line":84,"column":15}},"loc":{"start":{"line":84,"column":24},"end":{"line":108,"column":9}},"line":84},"8":{"name":"(anonymous_8)","decl":{"start":{"line":109,"column":15},"end":{"line":109,"column":16}},"loc":{"start":{"line":109,"column":24},"end":{"line":116,"column":9}},"line":109},"9":{"name":"registerUser","decl":{"start":{"line":126,"column":15},"end":{"line":126,"column":27}},"loc":{"start":{"line":126,"column":38},"end":{"line":178,"column":1}},"line":126},"10":{"name":"(anonymous_10)","decl":{"start":{"line":147,"column":14},"end":{"line":147,"column":15}},"loc":{"start":{"line":147,"column":24},"end":{"line":157,"column":9}},"line":147},"11":{"name":"(anonymous_11)","decl":{"start":{"line":158,"column":15},"end":{"line":158,"column":16}},"loc":{"start":{"line":158,"column":24},"end":{"line":170,"column":9}},"line":158}},"branchMap":{"0":{"loc":{"start":{"line":11,"column":19},"end":{"line":11,"column":62}},"type":"cond-expr","locations":[{"start":{"line":11,"column":38},"end":{"line":11,"column":42}},{"start":{"line":11,"column":45},"end":{"line":11,"column":62}}],"line":11},"1":{"loc":{"start":{"line":12,"column":19},"end":{"line":12,"column":62}},"type":"cond-expr","locations":[{"start":{"line":12,"column":38},"end":{"line":12,"column":42}},{"start":{"line":12,"column":45},"end":{"line":12,"column":62}}],"line":12},"2":{"loc":{"start":{"line":13,"column":9},"end":{"line":13,"column":45}},"type":"binary-expr","locations":[{"start":{"line":13,"column":9},"end":{"line":13,"column":25}},{"start":{"line":13,"column":29},"end":{"line":13,"column":45}}],"line":13},"3":{"loc":{"start":{"line":21,"column":9},"end":{"line":21,"column":79}},"type":"binary-expr","locations":[{"start":{"line":21,"column":9},"end":{"line":21,"column":20}},{"start":{"line":21,"column":24},"end":{"line":21,"column":42}},{"start":{"line":21,"column":46},"end":{"line":21,"column":79}}],"line":21},"4":{"loc":{"start":{"line":27,"column":4},"end":{"line":59,"column":5}},"type":"if","locations":[{"start":{"line":27,"column":4},"end":{"line":59,"column":5}},{"start":{"line":27,"column":4},"end":{"line":59,"column":5}}],"line":27},"5":{"loc":{"start":{"line":36,"column":10},"end":{"line":49,"column":11}},"type":"if","locations":[{"start":{"line":36,"column":10},"end":{"line":49,"column":11}},{"start":{"line":36,"column":10},"end":{"line":49,"column":11}}],"line":36},"6":{"loc":{"start":{"line":52,"column":10},"end":{"line":57,"column":11}},"type":"if","locations":[{"start":{"line":52,"column":10},"end":{"line":57,"column":11}},{"start":{"line":52,"column":10},"end":{"line":57,"column":11}}],"line":52},"7":{"loc":{"start":{"line":70,"column":4},"end":{"line":117,"column":5}},"type":"if","locations":[{"start":{"line":70,"column":4},"end":{"line":117,"column":5}},{"start":{"line":70,"column":4},"end":{"line":117,"column":5}}],"line":70},"8":{"loc":{"start":{"line":75,"column":11},"end":{"line":117,"column":5}},"type":"if","locations":[{"start":{"line":75,"column":11},"end":{"line":117,"column":5}},{"start":{"line":75,"column":11},"end":{"line":117,"column":5}}],"line":75},"9":{"loc":{"start":{"line":85,"column":10},"end":{"line":107,"column":11}},"type":"if","locations":[{"start":{"line":85,"column":10},"end":{"line":107,"column":11}},{"start":{"line":85,"column":10},"end":{"line":107,"column":11}}],"line":85},"10":{"loc":{"start":{"line":92,"column":12},"end":{"line":106,"column":13}},"type":"if","locations":[{"start":{"line":92,"column":12},"end":{"line":106,"column":13}},{"start":{"line":92,"column":12},"end":{"line":106,"column":13}}],"line":92},"11":{"loc":{"start":{"line":110,"column":10},"end":{"line":115,"column":11}},"type":"if","locations":[{"start":{"line":110,"column":10},"end":{"line":115,"column":11}},{"start":{"line":110,"column":10},"end":{"line":115,"column":11}}],"line":110},"12":{"loc":{"start":{"line":128,"column":4},"end":{"line":171,"column":5}},"type":"if","locations":[{"start":{"line":128,"column":4},"end":{"line":171,"column":5}},{"start":{"line":128,"column":4},"end":{"line":171,"column":5}}],"line":128},"13":{"loc":{"start":{"line":133,"column":11},"end":{"line":171,"column":5}},"type":"if","locations":[{"start":{"line":133,"column":11},"end":{"line":171,"column":5}},{"start":{"line":133,"column":11},"end":{"line":171,"column":5}}],"line":133},"14":{"loc":{"start":{"line":159,"column":10},"end":{"line":169,"column":11}},"type":"if","locations":[{"start":{"line":159,"column":10},"end":{"line":169,"column":11}},{"start":{"line":159,"column":10},"end":{"line":169,"column":11}}],"line":159}},"s":{"0":1,"1":1,"2":1,"3":1,"4":1,"5":1,"6":16,"7":14,"8":14,"9":10,"10":2,"11":6,"12":6,"13":4,"14":1,"15":3,"16":2,"17":1,"18":1,"19":1,"20":1,"21":2,"22":9,"23":9,"24":2,"25":6,"26":1,"27":5,"28":5,"29":4,"30":1,"31":3,"32":3,"33":2,"34":1,"35":1,"36":2,"37":2,"38":1,"39":7,"40":7,"41":2,"42":4,"43":1,"44":3,"45":3,"46":3,"47":3,"48":2,"49":1,"50":1,"51":2,"52":1,"53":1,"54":1,"55":1},"f":{"0":16,"1":10,"2":2,"3":6,"4":2,"5":1,"6":9,"7":4,"8":2,"9":7,"10":2,"11":2},"b":{"0":[0,14],"1":[0,14],"2":[14,12],"3":[2,2,1],"4":[1,3],"5":[1,1],"6":[1,0],"7":[2,6],"8":[1,5],"9":[1,3],"10":[2,1],"11":[2,0],"12":[2,4],"13":[1,3],"14":[1,1]},"_coverageSchema":"332fd63041d2c1bcb487cc26dd0d5f7d97098a6c","hash":"862aa6ac0d42ee8724411aa212411e2739c67f44"}
,"/Users/stephaniesutanto/Documents/Repos/Public/starter-node-rest-api-auth-mongo/src/api/user/userQueries.js": {"path":"/Users/stephaniesutanto/Documents/Repos/Public/starter-node-rest-api-auth-mongo/src/api/user/userQueries.js","statementMap":{"0":{"start":{"line":1,"column":13},"end":{"line":1,"column":39}},"1":{"start":{"line":2,"column":21},"end":{"line":2,"column":59}},"2":{"start":{"line":3,"column":17},"end":{"line":3,"column":45}},"3":{"start":{"line":6,"column":2},"end":{"line":41,"column":3}},"4":{"start":{"line":7,"column":19},"end":{"line":7,"column":53}},"5":{"start":{"line":8,"column":4},"end":{"line":35,"column":5}},"6":{"start":{"line":9,"column":6},"end":{"line":12,"column":9}},"7":{"start":{"line":14,"column":6},"end":{"line":34,"column":11}},"8":{"start":{"line":17,"column":10},"end":{"line":27,"column":11}},"9":{"start":{"line":18,"column":12},"end":{"line":21,"column":15}},"10":{"start":{"line":23,"column":12},"end":{"line":26,"column":15}},"11":{"start":{"line":30,"column":10},"end":{"line":33,"column":13}},"12":{"start":{"line":37,"column":4},"end":{"line":40,"column":7}},"13":{"start":{"line":46,"column":0},"end":{"line":48,"column":2}}},"fnMap":{"0":{"name":"getUser","decl":{"start":{"line":5,"column":15},"end":{"line":5,"column":22}},"loc":{"start":{"line":5,"column":33},"end":{"line":42,"column":1}},"line":5},"1":{"name":"(anonymous_1)","decl":{"start":{"line":16,"column":14},"end":{"line":16,"column":15}},"loc":{"start":{"line":16,"column":24},"end":{"line":28,"column":9}},"line":16},"2":{"name":"(anonymous_2)","decl":{"start":{"line":29,"column":15},"end":{"line":29,"column":16}},"loc":{"start":{"line":29,"column":24},"end":{"line":34,"column":9}},"line":29}},"branchMap":{"0":{"loc":{"start":{"line":8,"column":4},"end":{"line":35,"column":5}},"type":"if","locations":[{"start":{"line":8,"column":4},"end":{"line":35,"column":5}},{"start":{"line":8,"column":4},"end":{"line":35,"column":5}}],"line":8},"1":{"loc":{"start":{"line":17,"column":10},"end":{"line":27,"column":11}},"type":"if","locations":[{"start":{"line":17,"column":10},"end":{"line":27,"column":11}},{"start":{"line":17,"column":10},"end":{"line":27,"column":11}}],"line":17}},"s":{"0":1,"1":1,"2":1,"3":6,"4":6,"5":4,"6":1,"7":3,"8":2,"9":1,"10":1,"11":1,"12":2,"13":1},"f":{"0":6,"1":2,"2":1},"b":{"0":[1,3],"1":[1,1]},"_coverageSchema":"332fd63041d2c1bcb487cc26dd0d5f7d97098a6c","hash":"41aa2c4ad81dfa3d321676c792dcdfe31a5e2fdf"}
,"/Users/stephaniesutanto/Documents/Repos/Public/starter-node-rest-api-auth-mongo/src/config/db.js": {"path":"/Users/stephaniesutanto/Documents/Repos/Public/starter-node-rest-api-auth-mongo/src/config/db.js","statementMap":{"0":{"start":{"line":1,"column":0},"end":{"line":null,"column":-1}}},"fnMap":{},"branchMap":{"0":{"loc":{"start":{"line":2,"column":6},"end":{"line":2,"column":5}},"type":"binary-expr","locations":[{"start":{"line":2,"column":6},"end":{"line":2,"column":5}},{"start":{"line":2,"column":33},"end":{"line":null,"column":-1}}]}},"s":{"0":0},"f":{},"b":{"0":[0,0]}}
,"/Users/stephaniesutanto/Documents/Repos/Public/starter-node-rest-api-auth-mongo/src/data/User.js": {"path":"/Users/stephaniesutanto/Documents/Repos/Public/starter-node-rest-api-auth-mongo/src/data/User.js","statementMap":{"0":{"start":{"line":1,"column":17},"end":{"line":1,"column":36}},"1":{"start":{"line":3,"column":19},"end":{"line":3,"column":27}},"2":{"start":{"line":5,"column":13},"end":{"line":20,"column":1}},"3":{"start":{"line":22,"column":0},"end":{"line":22,"column":46}}},"fnMap":{},"branchMap":{},"s":{"0":3,"1":3,"2":3,"3":3},"f":{},"b":{},"_coverageSchema":"332fd63041d2c1bcb487cc26dd0d5f7d97098a6c","hash":"30a2eb594866e84b63412a31b7e6432ca7b6b5ca"}
,"/Users/stephaniesutanto/Documents/Repos/Public/starter-node-rest-api-auth-mongo/src/services/tokenService.js": {"path":"/Users/stephaniesutanto/Documents/Repos/Public/starter-node-rest-api-auth-mongo/src/services/tokenService.js","statementMap":{"0":{"start":{"line":1,"column":12},"end":{"line":1,"column":35}},"1":{"start":{"line":5,"column":16},"end":{"line":5,"column":45}},"2":{"start":{"line":6,"column":2},"end":{"line":8,"column":3}},"3":{"start":{"line":7,"column":4},"end":{"line":7,"column":16}},"4":{"start":{"line":9,"column":2},"end":{"line":16,"column":5}},"5":{"start":{"line":10,"column":4},"end":{"line":12,"column":5}},"6":{"start":{"line":11,"column":6},"end":{"line":11,"column":18}},"7":{"start":{"line":15,"column":4},"end":{"line":15,"column":22}},"8":{"start":{"line":20,"column":2},"end":{"line":22,"column":5}},"9":{"start":{"line":26,"column":0},"end":{"line":29,"column":2}}},"fnMap":{"0":{"name":"decodeAuthHeader","decl":{"start":{"line":4,"column":9},"end":{"line":4,"column":25}},"loc":{"start":{"line":4,"column":31},"end":{"line":17,"column":1}},"line":4},"1":{"name":"(anonymous_1)","decl":{"start":{"line":9,"column":53},"end":{"line":9,"column":54}},"loc":{"start":{"line":9,"column":71},"end":{"line":16,"column":3}},"line":9},"2":{"name":"encodeTokenWithId","decl":{"start":{"line":19,"column":9},"end":{"line":19,"column":26}},"loc":{"start":{"line":19,"column":31},"end":{"line":23,"column":1}},"line":19}},"branchMap":{"0":{"loc":{"start":{"line":6,"column":2},"end":{"line":8,"column":3}},"type":"if","locations":[{"start":{"line":6,"column":2},"end":{"line":8,"column":3}},{"start":{"line":6,"column":2},"end":{"line":8,"column":3}}],"line":6},"1":{"loc":{"start":{"line":10,"column":4},"end":{"line":12,"column":5}},"type":"if","locations":[{"start":{"line":10,"column":4},"end":{"line":12,"column":5}},{"start":{"line":10,"column":4},"end":{"line":12,"column":5}}],"line":10}},"s":{"0":3,"1":6,"2":4,"3":1,"4":3,"5":3,"6":2,"7":1,"8":1,"9":3},"f":{"0":6,"1":3,"2":1},"b":{"0":[1,3],"1":[2,1]},"_coverageSchema":"332fd63041d2c1bcb487cc26dd0d5f7d97098a6c","hash":"df4c75ecc25a85888aa14357be251b563798c33c"}
}
