TN:
SF:/Users/stephaniesutanto/Documents/Repos/Public/starter-node-rest-api-auth-mongo/src/api/commonMessages.js
FN:6,(anonymous_0)
FN:7,(anonymous_1)
FNF:2
FNH:2
FNDA:4,(anonymous_0)
FNDA:1,(anonymous_1)
DA:1,2
DA:6,4
DA:7,1
LF:3
LH:3
BRF:0
BRH:0
end_of_record
TN:
SF:/Users/stephaniesutanto/Documents/Repos/Public/starter-node-rest-api-auth-mongo/src/api/index.js
FN:5,(anonymous_0)
FNF:1
FNH:0
FNDA:0,(anonymous_0)
DA:1,0
DA:3,0
DA:5,0
DA:6,0
DA:13,0
DA:14,0
DA:17,0
DA:18,0
DA:19,0
DA:20,0
DA:22,0
LF:11
LH:0
BRF:0
BRH:0
end_of_record
TN:
SF:/Users/stephaniesutanto/Documents/Repos/Public/starter-node-rest-api-auth-mongo/src/api/auth/authQueries.js
FN:10,isRequiredFieldsExists
FN:16,isPasswordLengthValid
FN:20,isDuplicateMongoError
FN:24,verifyToken
FN:35,(anonymous_4)
FN:51,(anonymous_5)
FN:68,loginUser
FN:84,(anonymous_7)
FN:109,(anonymous_8)
FN:126,registerUser
FN:147,(anonymous_10)
FN:158,(anonymous_11)
FNF:12
FNH:12
FNDA:16,isRequiredFieldsExists
FNDA:10,isPasswordLengthValid
FNDA:2,isDuplicateMongoError
FNDA:6,verifyToken
FNDA:2,(anonymous_4)
FNDA:1,(anonymous_5)
FNDA:9,loginUser
FNDA:4,(anonymous_7)
FNDA:2,(anonymous_8)
FNDA:7,registerUser
FNDA:2,(anonymous_10)
FNDA:2,(anonymous_11)
DA:1,1
DA:3,1
DA:4,1
DA:5,1
DA:7,1
DA:8,1
DA:11,16
DA:12,14
DA:13,14
DA:17,10
DA:21,2
DA:25,6
DA:26,6
DA:27,4
DA:28,1
DA:33,3
DA:36,2
DA:37,1
DA:42,1
DA:52,1
DA:53,1
DA:61,2
DA:69,9
DA:70,9
DA:71,2
DA:75,6
DA:76,1
DA:81,5
DA:82,5
DA:85,4
DA:86,1
DA:91,3
DA:92,3
DA:93,2
DA:94,1
DA:102,1
DA:110,2
DA:111,2
DA:119,1
DA:127,7
DA:128,7
DA:129,2
DA:133,4
DA:134,1
DA:139,3
DA:140,3
DA:141,3
DA:145,3
DA:148,2
DA:149,1
DA:153,1
DA:159,2
DA:160,1
DA:165,1
DA:173,1
DA:181,1
LF:56
LH:56
BRDA:11,0,0,0
BRDA:11,0,1,14
BRDA:12,1,0,0
BRDA:12,1,1,14
BRDA:13,2,0,14
BRDA:13,2,1,12
BRDA:21,3,0,2
BRDA:21,3,1,2
BRDA:21,3,2,1
BRDA:27,4,0,1
BRDA:27,4,1,3
BRDA:36,5,0,1
BRDA:36,5,1,1
BRDA:52,6,0,1
BRDA:52,6,1,0
BRDA:70,7,0,2
BRDA:70,7,1,6
BRDA:75,8,0,1
BRDA:75,8,1,5
BRDA:85,9,0,1
BRDA:85,9,1,3
BRDA:92,10,0,2
BRDA:92,10,1,1
BRDA:110,11,0,2
BRDA:110,11,1,0
BRDA:128,12,0,2
BRDA:128,12,1,4
BRDA:133,13,0,1
BRDA:133,13,1,3
BRDA:159,14,0,1
BRDA:159,14,1,1
BRF:31
BRH:27
end_of_record
TN:
SF:/Users/stephaniesutanto/Documents/Repos/Public/starter-node-rest-api-auth-mongo/src/api/user/userQueries.js
FN:5,getUser
FN:16,(anonymous_1)
FN:29,(anonymous_2)
FNF:3
FNH:3
FNDA:6,getUser
FNDA:2,(anonymous_1)
FNDA:1,(anonymous_2)
DA:1,1
DA:2,1
DA:3,1
DA:6,6
DA:7,6
DA:8,4
DA:9,1
DA:14,3
DA:17,2
DA:18,1
DA:23,1
DA:30,1
DA:37,2
DA:46,1
LF:14
LH:14
BRDA:8,0,0,1
BRDA:8,0,1,3
BRDA:17,1,0,1
BRDA:17,1,1,1
BRF:4
BRH:4
end_of_record
TN:
SF:/Users/stephaniesutanto/Documents/Repos/Public/starter-node-rest-api-auth-mongo/src/config/db.js
FNF:0
FNH:0
DA:1,0
LF:1
LH:0
BRDA:2,0,0,0
BRDA:2,0,1,0
BRF:2
BRH:0
end_of_record
TN:
SF:/Users/stephaniesutanto/Documents/Repos/Public/starter-node-rest-api-auth-mongo/src/data/User.js
FNF:0
FNH:0
DA:1,3
DA:3,3
DA:5,3
DA:22,3
LF:4
LH:4
BRF:0
BRH:0
end_of_record
TN:
SF:/Users/stephaniesutanto/Documents/Repos/Public/starter-node-rest-api-auth-mongo/src/services/tokenService.js
FN:4,decodeAuthHeader
FN:9,(anonymous_1)
FN:19,encodeTokenWithId
FNF:3
FNH:3
FNDA:6,decodeAuthHeader
FNDA:3,(anonymous_1)
FNDA:1,encodeTokenWithId
DA:1,3
DA:5,6
DA:6,4
DA:7,1
DA:9,3
DA:10,3
DA:11,2
DA:15,1
DA:20,1
DA:26,3
LF:10
LH:10
BRDA:6,0,0,1
BRDA:6,0,1,3
BRDA:10,1,0,2
BRDA:10,1,1,1
BRF:4
BRH:4
end_of_record
